<?xml version="1.0" encoding="UTF-8"?>
<!-- Generated by org.testng.reporters.JUnitReportReporter -->
<testsuite skipped="0" hostname="LAPTOP-VFM9P8ED" name="com.crm.qa.testcases.CalendarPageTest" tests="1" failures="0" timestamp="14 Apr 2020 07:48:58 GMT" time="25.778" errors="0">
  <testcase name="validateEvent_Mon" time="25.778" classname="com.crm.qa.testcases.CalendarPageTest"/>
</testsuite> <!-- com.crm.qa.testcases.CalendarPageTest -->
