<?xml version="1.0" encoding="UTF-8"?>
<!-- Generated by org.testng.reporters.JUnitReportReporter -->
<testsuite skipped="0" hostname="LAPTOP-VFM9P8ED" name="com.crm.qa.testcases.LoginPageTest" tests="3" failures="0" timestamp="14 Apr 2020 07:58:22 GMT" time="92.336" errors="0">
  <testcase name="loginPageTitleTest" time="26.981" classname="com.crm.qa.testcases.LoginPageTest"/>
  <testcase name="crmLogoImageTest" time="21.815" classname="com.crm.qa.testcases.LoginPageTest"/>
  <testcase name="loginTest" time="43.540" classname="com.crm.qa.testcases.LoginPageTest"/>
</testsuite> <!-- com.crm.qa.testcases.LoginPageTest -->
