<?xml version="1.0" encoding="UTF-8"?>
<!-- Generated by org.testng.reporters.JUnitReportReporter -->
<testsuite skipped="0" hostname="LAPTOP-VFM9P8ED" name="com.crm.qa.testcases.CompaniesPageTest" tests="1" failures="0" timestamp="23 Mar 2020 15:59:09 GMT" time="23.017" errors="0">
  <testcase name="validateClickOnNewCompany" time="23.017" classname="com.crm.qa.testcases.CompaniesPageTest"/>
</testsuite> <!-- com.crm.qa.testcases.CompaniesPageTest -->
