<?xml version="1.0" encoding="UTF-8"?>
<!-- Generated by org.testng.reporters.JUnitReportReporter -->
<testsuite skipped="0" hostname="LAPTOP-VFM9P8ED" name="com.crm.qa.testcases.HomePageTest" tests="6" failures="0" timestamp="13 Apr 2020 19:36:09 GMT" time="169.473" errors="0">
  <testcase name="HomePageTitleTest" time="24.392" classname="com.crm.qa.testcases.HomePageTest"/>
  <testcase name="userNameLabelTest" time="27.734" classname="com.crm.qa.testcases.HomePageTest"/>
  <testcase name="logoTextTest" time="25.513" classname="com.crm.qa.testcases.HomePageTest"/>
  <testcase name="contactsPageTest" time="35.229" classname="com.crm.qa.testcases.HomePageTest"/>
  <testcase name="dealsPageTest" time="28.033" classname="com.crm.qa.testcases.HomePageTest"/>
  <testcase name="tasksPageTest" time="28.572" classname="com.crm.qa.testcases.HomePageTest"/>
</testsuite> <!-- com.crm.qa.testcases.HomePageTest -->
