<?xml version="1.0" encoding="UTF-8"?>
<!-- Generated by org.testng.reporters.JUnitReportReporter -->
<testsuite skipped="0" hostname="LAPTOP-VFM9P8ED" name="com.crm.qa.testcases.LoginPageTest" tests="3" failures="0" timestamp="14 Apr 2020 06:24:02 GMT" time="109.065" errors="0">
  <testcase name="loginPageTitleTest" time="42.110" classname="com.crm.qa.testcases.LoginPageTest"/>
  <testcase name="crmLogoImageTest" time="30.044" classname="com.crm.qa.testcases.LoginPageTest"/>
  <testcase name="loginTest" time="36.911" classname="com.crm.qa.testcases.LoginPageTest"/>
</testsuite> <!-- com.crm.qa.testcases.LoginPageTest -->
