<?xml version="1.0" encoding="UTF-8"?>
<!-- Generated by org.testng.reporters.JUnitReportReporter -->
<testsuite skipped="0" hostname="LAPTOP-VFM9P8ED" name="com.crm.qa.testcases.CompaniesPageTest" tests="1" failures="0" timestamp="16 Apr 2020 14:51:05 GMT" time="53.403" errors="0">
  <testcase name="validateClickOnNewCompany" time="53.403" classname="com.crm.qa.testcases.CompaniesPageTest"/>
</testsuite> <!-- com.crm.qa.testcases.CompaniesPageTest -->
