<?xml version="1.0" encoding="UTF-8"?>
<!-- Generated by org.testng.reporters.JUnitReportReporter -->
<testsuite skipped="0" hostname="LAPTOP-VFM9P8ED" name="com.crm.qa.testcases.LoginPageTest" tests="3" failures="0" timestamp="26 Mar 2020 17:43:33 GMT" time="97.694" errors="0">
  <testcase name="loginPageTitleTest" time="44.136" classname="com.crm.qa.testcases.LoginPageTest"/>
  <testcase name="crmLogoImageTest" time="21.387" classname="com.crm.qa.testcases.LoginPageTest"/>
  <testcase name="loginTest" time="32.171" classname="com.crm.qa.testcases.LoginPageTest"/>
</testsuite> <!-- com.crm.qa.testcases.LoginPageTest -->
