<?xml version="1.0" encoding="UTF-8"?>
<!-- Generated by org.testng.reporters.JUnitReportReporter -->
<testsuite skipped="0" hostname="LAPTOP-VFM9P8ED" name="com.crm.qa.testcases.LoginPageTest" tests="3" failures="0" timestamp="13 Apr 2020 19:36:09 GMT" time="74.671" errors="0">
  <testcase name="loginPageTitleTest" time="24.408" classname="com.crm.qa.testcases.LoginPageTest"/>
  <testcase name="crmLogoImageTest" time="21.143" classname="com.crm.qa.testcases.LoginPageTest"/>
  <testcase name="loginTest" time="29.120" classname="com.crm.qa.testcases.LoginPageTest"/>
</testsuite> <!-- com.crm.qa.testcases.LoginPageTest -->
