<?xml version="1.0" encoding="UTF-8"?>
<!-- Generated by org.testng.reporters.JUnitReportReporter -->
<testsuite skipped="0" hostname="LAPTOP-VFM9P8ED" name="com.crm.qa.testcases.LoginPageTest" tests="3" failures="0" timestamp="19 Apr 2020 10:35:58 GMT" time="128.465" errors="0">
  <testcase name="loginPageTitleTest" time="30.283" classname="com.crm.qa.testcases.LoginPageTest"/>
  <testcase name="crmLogoImageTest" time="27.185" classname="com.crm.qa.testcases.LoginPageTest"/>
  <testcase name="loginTest" time="70.997" classname="com.crm.qa.testcases.LoginPageTest"/>
</testsuite> <!-- com.crm.qa.testcases.LoginPageTest -->
