<?xml version="1.0" encoding="UTF-8"?>
<!-- Generated by org.testng.reporters.JUnitReportReporter -->
<testsuite skipped="0" hostname="LAPTOP-VFM9P8ED" name="com.crm.qa.testcases.CalendarPageTest" tests="1" failures="0" timestamp="23 Mar 2020 15:59:09 GMT" time="25.467" errors="0">
  <testcase name="validateEvent_Mon" time="25.467" classname="com.crm.qa.testcases.CalendarPageTest"/>
</testsuite> <!-- com.crm.qa.testcases.CalendarPageTest -->
