<?xml version="1.0" encoding="UTF-8"?>
<!-- Generated by org.testng.reporters.JUnitReportReporter -->
<testsuite skipped="0" hostname="LAPTOP-VFM9P8ED" name="com.crm.qa.testcases.HomePageTest" tests="6" failures="0" timestamp="23 Mar 2020 15:59:09 GMT" time="148.372" errors="0">
  <testcase name="HomePageTitleTest" time="25.436" classname="com.crm.qa.testcases.HomePageTest"/>
  <testcase name="userNameLabelTest" time="23.427" classname="com.crm.qa.testcases.HomePageTest"/>
  <testcase name="logoTextTest" time="24.258" classname="com.crm.qa.testcases.HomePageTest"/>
  <testcase name="contactsPageTest" time="24.489" classname="com.crm.qa.testcases.HomePageTest"/>
  <testcase name="dealsPageTest" time="22.984" classname="com.crm.qa.testcases.HomePageTest"/>
  <testcase name="tasksPageTest" time="27.778" classname="com.crm.qa.testcases.HomePageTest"/>
</testsuite> <!-- com.crm.qa.testcases.HomePageTest -->
