<?xml version="1.0" encoding="UTF-8"?>
<!-- Generated by org.testng.reporters.JUnitReportReporter -->
<testsuite skipped="0" hostname="LAPTOP-VFM9P8ED" name="com.crm.qa.testcases.LoginPageTest" tests="3" failures="0" timestamp="14 Apr 2020 07:46:23 GMT" time="56.803" errors="0">
  <testcase name="loginPageTitleTest" time="16.970" classname="com.crm.qa.testcases.LoginPageTest"/>
  <testcase name="crmLogoImageTest" time="16.225" classname="com.crm.qa.testcases.LoginPageTest"/>
  <testcase name="loginTest" time="23.608" classname="com.crm.qa.testcases.LoginPageTest"/>
</testsuite> <!-- com.crm.qa.testcases.LoginPageTest -->
