<?xml version="1.0" encoding="UTF-8"?>
<!-- Generated by org.testng.reporters.JUnitReportReporter -->
<testsuite skipped="0" hostname="LAPTOP-VFM9P8ED" name="com.crm.qa.testcases.CalendarPageTest" tests="1" failures="0" timestamp="14 Apr 2020 06:54:01 GMT" time="63.082" errors="0">
  <testcase name="validateEvent_Mon" time="63.082" classname="com.crm.qa.testcases.CalendarPageTest"/>
</testsuite> <!-- com.crm.qa.testcases.CalendarPageTest -->
