<?xml version="1.0" encoding="UTF-8"?>
<!-- Generated by org.testng.reporters.JUnitReportReporter -->
<testsuite skipped="0" hostname="LAPTOP-VFM9P8ED" name="com.crm.qa.testcases.CalendarPageTest" tests="1" failures="0" timestamp="25 Mar 2020 12:14:33 GMT" time="37.128" errors="0">
  <testcase name="validateEvent_Mon" time="37.128" classname="com.crm.qa.testcases.CalendarPageTest"/>
</testsuite> <!-- com.crm.qa.testcases.CalendarPageTest -->
