<?xml version="1.0" encoding="UTF-8"?>
<!-- Generated by org.testng.reporters.JUnitReportReporter -->
<testsuite skipped="0" hostname="LAPTOP-VFM9P8ED" name="com.crm.qa.testcases.CompaniesPageTest" tests="1" failures="0" timestamp="25 Mar 2020 12:14:33 GMT" time="81.874" errors="0">
  <testcase name="validateClickOnNewCompany" time="81.874" classname="com.crm.qa.testcases.CompaniesPageTest"/>
</testsuite> <!-- com.crm.qa.testcases.CompaniesPageTest -->
