<?xml version="1.0" encoding="UTF-8"?>
<!-- Generated by org.testng.reporters.JUnitReportReporter -->
<testsuite skipped="0" hostname="LAPTOP-VFM9P8ED" name="com.crm.qa.testcases.LoginPageTest" tests="3" failures="0" timestamp="14 Apr 2020 06:54:01 GMT" time="99.551" errors="0">
  <testcase name="loginPageTitleTest" time="32.698" classname="com.crm.qa.testcases.LoginPageTest"/>
  <testcase name="crmLogoImageTest" time="38.154" classname="com.crm.qa.testcases.LoginPageTest"/>
  <testcase name="loginTest" time="28.699" classname="com.crm.qa.testcases.LoginPageTest"/>
</testsuite> <!-- com.crm.qa.testcases.LoginPageTest -->
